[2025-03-03 22:29:07,999] [WARNING] [django.request] [Not Found: /favicon.ico] [log_response()] [248] [C:\Users\Olexandr\OneDrive - Technological University Dublin\year 2\semester 2\GoRide\env\Lib\site-packages\django\utils\log.py]
[2025-03-03 22:29:21,062] [WARNING] [django.request] [Not Found: /accounts/] [log_response()] [248] [C:\Users\Olexandr\OneDrive - Technological University Dublin\year 2\semester 2\GoRide\env\Lib\site-packages\django\utils\log.py]
[2025-03-03 22:29:38,385] [WARNING] [django.request] [Not Found: /support/] [log_response()] [248] [C:\Users\Olexandr\OneDrive - Technological University Dublin\year 2\semester 2\GoRide\env\Lib\site-packages\django\utils\log.py]
[2025-03-03 22:31:14,124] [WARNING] [django.request] [Not Found: /find_transport/] [log_response()] [248] [C:\Users\Olexandr\OneDrive - Technological University Dublin\year 2\semester 2\GoRide\env\Lib\site-packages\django\utils\log.py]
[2025-03-03 22:31:52,387] [WARNING] [django.request] [Not Found: /find_transport/] [log_response()] [248] [C:\Users\Olexandr\OneDrive - Technological University Dublin\year 2\semester 2\GoRide\env\Lib\site-packages\django\utils\log.py]
[2025-03-03 22:33:07,280] [ERROR] [django.request] [Internal Server Error: /find_transport/] [log_response()] [248] [C:\Users\Olexandr\OneDrive - Technological University Dublin\year 2\semester 2\GoRide\env\Lib\site-packages\django\utils\log.py]
Traceback (most recent call last):
  File "C:\Users\Olexandr\OneDrive - Technological University Dublin\year 2\semester 2\GoRide\env\Lib\site-packages\django\core\handlers\exception.py", line 55, in inner
    response = get_response(request)
               ^^^^^^^^^^^^^^^^^^^^^
  File "C:\Users\Olexandr\OneDrive - Technological University Dublin\year 2\semester 2\GoRide\env\Lib\site-packages\django\core\handlers\base.py", line 197, in _get_response
    response = wrapped_callback(request, *callback_args, **callback_kwargs)
               ^^^^^^^^^^^^^^^^^^^^^^^^^^^^^^^^^^^^^^^^^^^^^^^^^^^^^^^^^^^^
  File "C:\Users\Olexandr\OneDrive - Technological University Dublin\year 2\semester 2\GoRide\find_transport\views.py", line 12, in find_transport
    vehicles = vehicles.filter(battery_percentege__gte = min_battery)
               ^^^^^^^^^^^^^^^^^^^^^^^^^^^^^^^^^^^^^^^^^^^^^^^^^^^^^^
  File "C:\Users\Olexandr\OneDrive - Technological University Dublin\year 2\semester 2\GoRide\env\Lib\site-packages\django\db\models\query.py", line 1476, in filter
    return self._filter_or_exclude(False, args, kwargs)
           ^^^^^^^^^^^^^^^^^^^^^^^^^^^^^^^^^^^^^^^^^^^^
  File "C:\Users\Olexandr\OneDrive - Technological University Dublin\year 2\semester 2\GoRide\env\Lib\site-packages\django\db\models\query.py", line 1494, in _filter_or_exclude
    clone._filter_or_exclude_inplace(negate, args, kwargs)
  File "C:\Users\Olexandr\OneDrive - Technological University Dublin\year 2\semester 2\GoRide\env\Lib\site-packages\django\db\models\query.py", line 1501, in _filter_or_exclude_inplace
    self._query.add_q(Q(*args, **kwargs))
  File "C:\Users\Olexandr\OneDrive - Technological University Dublin\year 2\semester 2\GoRide\env\Lib\site-packages\django\db\models\sql\query.py", line 1609, in add_q
    clause, _ = self._add_q(q_object, self.used_aliases)
                ^^^^^^^^^^^^^^^^^^^^^^^^^^^^^^^^^^^^^^^^
  File "C:\Users\Olexandr\OneDrive - Technological University Dublin\year 2\semester 2\GoRide\env\Lib\site-packages\django\db\models\sql\query.py", line 1641, in _add_q
    child_clause, needed_inner = self.build_filter(
                                 ^^^^^^^^^^^^^^^^^^
  File "C:\Users\Olexandr\OneDrive - Technological University Dublin\year 2\semester 2\GoRide\env\Lib\site-packages\django\db\models\sql\query.py", line 1491, in build_filter
    lookups, parts, reffed_expression = self.solve_lookup_type(arg, summarize)
                                        ^^^^^^^^^^^^^^^^^^^^^^^^^^^^^^^^^^^^^^
  File "C:\Users\Olexandr\OneDrive - Technological University Dublin\year 2\semester 2\GoRide\env\Lib\site-packages\django\db\models\sql\query.py", line 1303, in solve_lookup_type
    _, field, _, lookup_parts = self.names_to_path(lookup_splitted, self.get_meta())
                                ^^^^^^^^^^^^^^^^^^^^^^^^^^^^^^^^^^^^^^^^^^^^^^^^^^^^
  File "C:\Users\Olexandr\OneDrive - Technological University Dublin\year 2\semester 2\GoRide\env\Lib\site-packages\django\db\models\sql\query.py", line 1768, in names_to_path
    raise FieldError(
django.core.exceptions.FieldError: Cannot resolve keyword 'battery_percentege' into field. Choices are: battere_percentage, id, latitude, longitude, price_per_hour, status, type
[2025-03-03 22:33:31,754] [ERROR] [django.request] [Internal Server Error: /find_transport/] [log_response()] [248] [C:\Users\Olexandr\OneDrive - Technological University Dublin\year 2\semester 2\GoRide\env\Lib\site-packages\django\utils\log.py]
Traceback (most recent call last):
  File "C:\Users\Olexandr\OneDrive - Technological University Dublin\year 2\semester 2\GoRide\env\Lib\site-packages\django\core\handlers\exception.py", line 55, in inner
    response = get_response(request)
               ^^^^^^^^^^^^^^^^^^^^^
  File "C:\Users\Olexandr\OneDrive - Technological University Dublin\year 2\semester 2\GoRide\env\Lib\site-packages\django\core\handlers\base.py", line 197, in _get_response
    response = wrapped_callback(request, *callback_args, **callback_kwargs)
               ^^^^^^^^^^^^^^^^^^^^^^^^^^^^^^^^^^^^^^^^^^^^^^^^^^^^^^^^^^^^
  File "C:\Users\Olexandr\OneDrive - Technological University Dublin\year 2\semester 2\GoRide\find_transport\views.py", line 12, in find_transport
    vehicles = vehicles.filter(battery_percentage__gte = min_battery)
               ^^^^^^^^^^^^^^^^^^^^^^^^^^^^^^^^^^^^^^^^^^^^^^^^^^^^^^
  File "C:\Users\Olexandr\OneDrive - Technological University Dublin\year 2\semester 2\GoRide\env\Lib\site-packages\django\db\models\query.py", line 1476, in filter
    return self._filter_or_exclude(False, args, kwargs)
           ^^^^^^^^^^^^^^^^^^^^^^^^^^^^^^^^^^^^^^^^^^^^
  File "C:\Users\Olexandr\OneDrive - Technological University Dublin\year 2\semester 2\GoRide\env\Lib\site-packages\django\db\models\query.py", line 1494, in _filter_or_exclude
    clone._filter_or_exclude_inplace(negate, args, kwargs)
  File "C:\Users\Olexandr\OneDrive - Technological University Dublin\year 2\semester 2\GoRide\env\Lib\site-packages\django\db\models\query.py", line 1501, in _filter_or_exclude_inplace
    self._query.add_q(Q(*args, **kwargs))
  File "C:\Users\Olexandr\OneDrive - Technological University Dublin\year 2\semester 2\GoRide\env\Lib\site-packages\django\db\models\sql\query.py", line 1609, in add_q
    clause, _ = self._add_q(q_object, self.used_aliases)
                ^^^^^^^^^^^^^^^^^^^^^^^^^^^^^^^^^^^^^^^^
  File "C:\Users\Olexandr\OneDrive - Technological University Dublin\year 2\semester 2\GoRide\env\Lib\site-packages\django\db\models\sql\query.py", line 1641, in _add_q
    child_clause, needed_inner = self.build_filter(
                                 ^^^^^^^^^^^^^^^^^^
  File "C:\Users\Olexandr\OneDrive - Technological University Dublin\year 2\semester 2\GoRide\env\Lib\site-packages\django\db\models\sql\query.py", line 1491, in build_filter
    lookups, parts, reffed_expression = self.solve_lookup_type(arg, summarize)
                                        ^^^^^^^^^^^^^^^^^^^^^^^^^^^^^^^^^^^^^^
  File "C:\Users\Olexandr\OneDrive - Technological University Dublin\year 2\semester 2\GoRide\env\Lib\site-packages\django\db\models\sql\query.py", line 1303, in solve_lookup_type
    _, field, _, lookup_parts = self.names_to_path(lookup_splitted, self.get_meta())
                                ^^^^^^^^^^^^^^^^^^^^^^^^^^^^^^^^^^^^^^^^^^^^^^^^^^^^
  File "C:\Users\Olexandr\OneDrive - Technological University Dublin\year 2\semester 2\GoRide\env\Lib\site-packages\django\db\models\sql\query.py", line 1768, in names_to_path
    raise FieldError(
django.core.exceptions.FieldError: Cannot resolve keyword 'battery_percentage' into field. Choices are: battere_percentage, id, latitude, longitude, price_per_hour, status, type
[2025-03-03 22:33:52,287] [ERROR] [django.request] [Internal Server Error: /find_transport/] [log_response()] [248] [C:\Users\Olexandr\OneDrive - Technological University Dublin\year 2\semester 2\GoRide\env\Lib\site-packages\django\utils\log.py]
Traceback (most recent call last):
  File "C:\Users\Olexandr\OneDrive - Technological University Dublin\year 2\semester 2\GoRide\env\Lib\site-packages\django\db\backends\utils.py", line 105, in _execute
    return self.cursor.execute(sql, params)
           ^^^^^^^^^^^^^^^^^^^^^^^^^^^^^^^^
  File "C:\Users\Olexandr\OneDrive - Technological University Dublin\year 2\semester 2\GoRide\env\Lib\site-packages\django\db\backends\sqlite3\base.py", line 354, in execute
    return super().execute(query, params)
           ^^^^^^^^^^^^^^^^^^^^^^^^^^^^^^
sqlite3.OperationalError: no such column: find_transport_vehicle.battery_percentage

The above exception was the direct cause of the following exception:

Traceback (most recent call last):
  File "C:\Users\Olexandr\OneDrive - Technological University Dublin\year 2\semester 2\GoRide\env\Lib\site-packages\django\core\handlers\exception.py", line 55, in inner
    response = get_response(request)
               ^^^^^^^^^^^^^^^^^^^^^
  File "C:\Users\Olexandr\OneDrive - Technological University Dublin\year 2\semester 2\GoRide\env\Lib\site-packages\django\core\handlers\base.py", line 197, in _get_response
    response = wrapped_callback(request, *callback_args, **callback_kwargs)
               ^^^^^^^^^^^^^^^^^^^^^^^^^^^^^^^^^^^^^^^^^^^^^^^^^^^^^^^^^^^^
  File "C:\Users\Olexandr\OneDrive - Technological University Dublin\year 2\semester 2\GoRide\find_transport\views.py", line 14, in find_transport
    return render(request,'find_transport.html',{'vehicles':vehicles})
           ^^^^^^^^^^^^^^^^^^^^^^^^^^^^^^^^^^^^^^^^^^^^^^^^^^^^^^^^^^^
  File "C:\Users\Olexandr\OneDrive - Technological University Dublin\year 2\semester 2\GoRide\env\Lib\site-packages\django\shortcuts.py", line 25, in render
    content = loader.render_to_string(template_name, context, request, using=using)
              ^^^^^^^^^^^^^^^^^^^^^^^^^^^^^^^^^^^^^^^^^^^^^^^^^^^^^^^^^^^^^^^^^^^^^
  File "C:\Users\Olexandr\OneDrive - Technological University Dublin\year 2\semester 2\GoRide\env\Lib\site-packages\django\template\loader.py", line 62, in render_to_string
    return template.render(context, request)
           ^^^^^^^^^^^^^^^^^^^^^^^^^^^^^^^^^
  File "C:\Users\Olexandr\OneDrive - Technological University Dublin\year 2\semester 2\GoRide\env\Lib\site-packages\django\template\backends\django.py", line 107, in render
    return self.template.render(context)
           ^^^^^^^^^^^^^^^^^^^^^^^^^^^^^
  File "C:\Users\Olexandr\OneDrive - Technological University Dublin\year 2\semester 2\GoRide\env\Lib\site-packages\django\template\base.py", line 171, in render
    return self._render(context)
           ^^^^^^^^^^^^^^^^^^^^^
  File "C:\Users\Olexandr\OneDrive - Technological University Dublin\year 2\semester 2\GoRide\env\Lib\site-packages\django\template\base.py", line 163, in _render
    return self.nodelist.render(context)
           ^^^^^^^^^^^^^^^^^^^^^^^^^^^^^
  File "C:\Users\Olexandr\OneDrive - Technological University Dublin\year 2\semester 2\GoRide\env\Lib\site-packages\django\template\base.py", line 1008, in render
    return SafeString("".join([node.render_annotated(context) for node in self]))
                              ^^^^^^^^^^^^^^^^^^^^^^^^^^^^^^^^^^^^^^^^^^^^^^^^^
  File "C:\Users\Olexandr\OneDrive - Technological University Dublin\year 2\semester 2\GoRide\env\Lib\site-packages\django\template\base.py", line 1008, in <listcomp>
    return SafeString("".join([node.render_annotated(context) for node in self]))
                               ^^^^^^^^^^^^^^^^^^^^^^^^^^^^^^
  File "C:\Users\Olexandr\OneDrive - Technological University Dublin\year 2\semester 2\GoRide\env\Lib\site-packages\django\template\base.py", line 969, in render_annotated
    return self.render(context)
           ^^^^^^^^^^^^^^^^^^^^
  File "C:\Users\Olexandr\OneDrive - Technological University Dublin\year 2\semester 2\GoRide\env\Lib\site-packages\django\template\loader_tags.py", line 159, in render
    return compiled_parent._render(context)
           ^^^^^^^^^^^^^^^^^^^^^^^^^^^^^^^^
  File "C:\Users\Olexandr\OneDrive - Technological University Dublin\year 2\semester 2\GoRide\env\Lib\site-packages\django\template\base.py", line 163, in _render
    return self.nodelist.render(context)
           ^^^^^^^^^^^^^^^^^^^^^^^^^^^^^
  File "C:\Users\Olexandr\OneDrive - Technological University Dublin\year 2\semester 2\GoRide\env\Lib\site-packages\django\template\base.py", line 1008, in render
    return SafeString("".join([node.render_annotated(context) for node in self]))
                              ^^^^^^^^^^^^^^^^^^^^^^^^^^^^^^^^^^^^^^^^^^^^^^^^^
  File "C:\Users\Olexandr\OneDrive - Technological University Dublin\year 2\semester 2\GoRide\env\Lib\site-packages\django\template\base.py", line 1008, in <listcomp>
    return SafeString("".join([node.render_annotated(context) for node in self]))
                               ^^^^^^^^^^^^^^^^^^^^^^^^^^^^^^
  File "C:\Users\Olexandr\OneDrive - Technological University Dublin\year 2\semester 2\GoRide\env\Lib\site-packages\django\template\base.py", line 969, in render_annotated
    return self.render(context)
           ^^^^^^^^^^^^^^^^^^^^
  File "C:\Users\Olexandr\OneDrive - Technological University Dublin\year 2\semester 2\GoRide\env\Lib\site-packages\django\template\loader_tags.py", line 65, in render
    result = block.nodelist.render(context)
             ^^^^^^^^^^^^^^^^^^^^^^^^^^^^^^
  File "C:\Users\Olexandr\OneDrive - Technological University Dublin\year 2\semester 2\GoRide\env\Lib\site-packages\django\template\base.py", line 1008, in render
    return SafeString("".join([node.render_annotated(context) for node in self]))
                              ^^^^^^^^^^^^^^^^^^^^^^^^^^^^^^^^^^^^^^^^^^^^^^^^^
  File "C:\Users\Olexandr\OneDrive - Technological University Dublin\year 2\semester 2\GoRide\env\Lib\site-packages\django\template\base.py", line 1008, in <listcomp>
    return SafeString("".join([node.render_annotated(context) for node in self]))
                               ^^^^^^^^^^^^^^^^^^^^^^^^^^^^^^
  File "C:\Users\Olexandr\OneDrive - Technological University Dublin\year 2\semester 2\GoRide\env\Lib\site-packages\django\template\base.py", line 969, in render_annotated
    return self.render(context)
           ^^^^^^^^^^^^^^^^^^^^
  File "C:\Users\Olexandr\OneDrive - Technological University Dublin\year 2\semester 2\GoRide\env\Lib\site-packages\django\template\defaulttags.py", line 199, in render
    len_values = len(values)
                 ^^^^^^^^^^^
  File "C:\Users\Olexandr\OneDrive - Technological University Dublin\year 2\semester 2\GoRide\env\Lib\site-packages\django\db\models\query.py", line 382, in __len__
    self._fetch_all()
  File "C:\Users\Olexandr\OneDrive - Technological University Dublin\year 2\semester 2\GoRide\env\Lib\site-packages\django\db\models\query.py", line 1928, in _fetch_all
    self._result_cache = list(self._iterable_class(self))
                         ^^^^^^^^^^^^^^^^^^^^^^^^^^^^^^^^
  File "C:\Users\Olexandr\OneDrive - Technological University Dublin\year 2\semester 2\GoRide\env\Lib\site-packages\django\db\models\query.py", line 91, in __iter__
    results = compiler.execute_sql(
              ^^^^^^^^^^^^^^^^^^^^^
  File "C:\Users\Olexandr\OneDrive - Technological University Dublin\year 2\semester 2\GoRide\env\Lib\site-packages\django\db\models\sql\compiler.py", line 1574, in execute_sql
    cursor.execute(sql, params)
  File "C:\Users\Olexandr\OneDrive - Technological University Dublin\year 2\semester 2\GoRide\env\Lib\site-packages\django\db\backends\utils.py", line 122, in execute
    return super().execute(sql, params)
           ^^^^^^^^^^^^^^^^^^^^^^^^^^^^
  File "C:\Users\Olexandr\OneDrive - Technological University Dublin\year 2\semester 2\GoRide\env\Lib\site-packages\django\db\backends\utils.py", line 79, in execute
    return self._execute_with_wrappers(
           ^^^^^^^^^^^^^^^^^^^^^^^^^^^^
  File "C:\Users\Olexandr\OneDrive - Technological University Dublin\year 2\semester 2\GoRide\env\Lib\site-packages\django\db\backends\utils.py", line 92, in _execute_with_wrappers
    return executor(sql, params, many, context)
           ^^^^^^^^^^^^^^^^^^^^^^^^^^^^^^^^^^^^
  File "C:\Users\Olexandr\OneDrive - Technological University Dublin\year 2\semester 2\GoRide\env\Lib\site-packages\django\db\backends\utils.py", line 100, in _execute
    with self.db.wrap_database_errors:
  File "C:\Users\Olexandr\OneDrive - Technological University Dublin\year 2\semester 2\GoRide\env\Lib\site-packages\django\db\utils.py", line 91, in __exit__
    raise dj_exc_value.with_traceback(traceback) from exc_value
  File "C:\Users\Olexandr\OneDrive - Technological University Dublin\year 2\semester 2\GoRide\env\Lib\site-packages\django\db\backends\utils.py", line 105, in _execute
    return self.cursor.execute(sql, params)
           ^^^^^^^^^^^^^^^^^^^^^^^^^^^^^^^^
  File "C:\Users\Olexandr\OneDrive - Technological University Dublin\year 2\semester 2\GoRide\env\Lib\site-packages\django\db\backends\sqlite3\base.py", line 354, in execute
    return super().execute(query, params)
           ^^^^^^^^^^^^^^^^^^^^^^^^^^^^^^
django.db.utils.OperationalError: no such column: find_transport_vehicle.battery_percentage
